[20250603_225204]index:0;amount:42;created
[20250603_225204]index:1;amount:54;created
[20250603_225204]index:2;amount:957;created
[20250603_225204]index:3;amount:432;created
[20250603_225204]index:4;amount:1234;created
[20250603_225204]index:5;amount:0;created
[20250603_225204]index:6;amount:754;created
[20250603_225204]index:7;amount:16576;created
[20250603_225204]acounts:8;total:20049;diposits:0;withdrawals:0
[20250603_225204]index:0;amount:42;diposits:0;withdrawals:0
[20250603_225204]index:1;amount:54;diposits:0;withdrawals:0
[20250603_225204]index:2;amount:957;diposits:0;withdrawals:0
[20250603_225204]index:3;amount:432;diposits:0;withdrawals:0
[20250603_225204]index:4;amount:1234;diposits:0;withdrawals:0
[20250603_225204]index:5;amount:0;diposits:0;withdrawals:0
[20250603_225204]index:6;amount:754;diposits:0;withdrawals:0
[20250603_225204]index:7;amount:16576;diposits:0;withdrawals:0
[20250603_225204]index:0;p_amount:42;diposits:5;amount:47;nb_deposit:1
[20250603_225204]index:1;p_amount:54;diposits:765;amount:819;nb_deposit:1
[20250603_225204]index:2;p_amount:957;diposits:564;amount:1521;nb_deposit:1
[20250603_225204]index:3;p_amount:432;diposits:2;amount:434;nb_deposit:1
[20250603_225204]index:4;p_amount:1234;diposits:87;amount:1321;nb_deposit:1
[20250603_225204]index:5;p_amount:0;diposits:23;amount:23;nb_deposit:1
[20250603_225204]index:6;p_amount:754;diposits:9;amount:763;nb_deposit:1
[20250603_225204]index:7;p_amount:16576;diposits:20;amount:16596;nb_deposit:1
[20250603_225204]acounts:8;total:21524;diposits:8;withdrawals:0
[20250603_225204]index:0;amount:47;diposits:1;withdrawals:0
[20250603_225204]index:1;amount:819;diposits:1;withdrawals:0
[20250603_225204]index:2;amount:1521;diposits:1;withdrawals:0
[20250603_225204]index:3;amount:434;diposits:1;withdrawals:0
[20250603_225204]index:4;amount:1321;diposits:1;withdrawals:0
[20250603_225204]index:5;amount:23;diposits:1;withdrawals:0
[20250603_225204]index:6;amount:763;diposits:1;withdrawals:0
[20250603_225204]index:7;amount:16596;diposits:1;withdrawals:0
[20250603_225204]index:0;p_amount:47;withdrawal:refused
[20250603_225204]index:1;p_amount:819;withdrawal:34;amount:785;nb_withdrawal:1
[20250603_225204]index:2;p_amount:1521;withdrawal:657;amount:864;nb_withdrawal:1
[20250603_225204]index:3;p_amount:434;withdrawal:4;amount:430;nb_withdrawal:1
[20250603_225204]index:4;p_amount:1321;withdrawal:76;amount:1245;nb_withdrawal:1
[20250603_225204]index:5;p_amount:23;withdrawal:refused
[20250603_225204]index:6;p_amount:763;withdrawal:657;amount:106;nb_withdrawal:1
[20250603_225204]index:7;p_amount:16596;withdrawal:7654;amount:8942;nb_withdrawal:1
[20250603_225204]acounts:8;total:12442;diposits:8;withdrawals:6
[20250603_225204]index:0;amount:47;diposits:1;withdrawals:0
[20250603_225204]index:1;amount:785;diposits:1;withdrawals:1
[20250603_225204]index:2;amount:864;diposits:1;withdrawals:1
[20250603_225204]index:3;amount:430;diposits:1;withdrawals:1
[20250603_225204]index:4;amount:1245;diposits:1;withdrawals:1
[20250603_225204]index:5;amount:23;diposits:1;withdrawals:0
[20250603_225204]index:6;amount:106;diposits:1;withdrawals:1
[20250603_225204]index:7;amount:8942;diposits:1;withdrawals:1
[20250603_225204]index:0;amount:47;closed
[20250603_225204]index:1;amount:785;closed
[20250603_225204]index:2;amount:864;closed
[20250603_225204]index:3;amount:430;closed
[20250603_225204]index:4;amount:1245;closed
[20250603_225204]index:5;amount:23;closed
[20250603_225204]index:6;amount:106;closed
[20250603_225204]index:7;amount:8942;closed
